<?xml version="1.0" encoding="UTF-8"?>
<testsuite name="com.qinglan.chatnovel.data.MemoryExtractorTest" tests="10" skipped="0" failures="0" errors="0" timestamp="2026-05-16T12:15:20" hostname="vm" time="0.04">
  <properties/>
  <testcase name="dedupAgainst within the candidate batch also dedupes" classname="com.qinglan.chatnovel.data.MemoryExtractorTest" time="0.006"/>
  <testcase name="parseExtractedMemories tolerates surrounding chatter and code fences" classname="com.qinglan.chatnovel.data.MemoryExtractorTest" time="0.017"/>
  <testcase name="buildExtractionPrompt renders the last 20 messages with speaker tags" classname="com.qinglan.chatnovel.data.MemoryExtractorTest" time="0.008"/>
  <testcase name="parseExtractedMemories falls back to line splitting with bullets" classname="com.qinglan.chatnovel.data.MemoryExtractorTest" time="0.006"/>
  <testcase name="parseExtractedMemories deduplicates case-insensitively + respects limit" classname="com.qinglan.chatnovel.data.MemoryExtractorTest" time="0.001"/>
  <testcase name="parseExtractedMemories pulls strings out of a JSON array" classname="com.qinglan.chatnovel.data.MemoryExtractorTest" time="0.0"/>
  <testcase name="buildExtractionPrompt names the persona + role" classname="com.qinglan.chatnovel.data.MemoryExtractorTest" time="0.0"/>
  <testcase name="dedupAgainst drops items already in the persona pool" classname="com.qinglan.chatnovel.data.MemoryExtractorTest" time="0.001"/>
  <testcase name="buildExtractionPrompt lists existing memories so model avoids dupes" classname="com.qinglan.chatnovel.data.MemoryExtractorTest" time="0.001"/>
  <testcase name="parseExtractedMemories returns empty for blank or empty array literal" classname="com.qinglan.chatnovel.data.MemoryExtractorTest" time="0.0"/>
  <system-out><![CDATA[]]></system-out>
  <system-err><![CDATA[]]></system-err>
</testsuite>
