<?xml version="1.0" encoding="UTF-8"?>
<testsuite name="com.qinglan.chatnovel.ui.chat.ChatViewModelManuscriptTest" tests="5" skipped="0" failures="0" errors="0" timestamp="2026-05-16T12:15:53" hostname="vm" time="0.216">
  <properties/>
  <testcase name="appendToManuscript on blank text is a no-op" classname="com.qinglan.chatnovel.ui.chat.ChatViewModelManuscriptTest" time="0.055"/>
  <testcase name="manuscript persists across SessionStore reload" classname="com.qinglan.chatnovel.ui.chat.ChatViewModelManuscriptTest" time="0.066"/>
  <testcase name="appendToManuscript trims trailing whitespace from prior content" classname="com.qinglan.chatnovel.ui.chat.ChatViewModelManuscriptTest" time="0.028"/>
  <testcase name="updateManuscript writes the active session manuscript and persists" classname="com.qinglan.chatnovel.ui.chat.ChatViewModelManuscriptTest" time="0.042"/>
  <testcase name="appendToManuscript appends with blank-line separator" classname="com.qinglan.chatnovel.ui.chat.ChatViewModelManuscriptTest" time="0.025"/>
  <system-out><![CDATA[]]></system-out>
  <system-err><![CDATA[]]></system-err>
</testsuite>
