<?xml version="1.0" encoding="UTF-8"?>
<testsuite name="com.qinglan.chatnovel.ui.chat.ChatViewModelResumeTest" tests="6" skipped="0" failures="0" errors="0" timestamp="2026-05-16T12:15:53" hostname="vm" time="0.142">
  <properties/>
  <testcase name="startAnotherRound is a no-op when no personas are selected" classname="com.qinglan.chatnovel.ui.chat.ChatViewModelResumeTest" time="0.024"/>
  <testcase name="default RoundtableConfig has empty pendingQueue" classname="com.qinglan.chatnovel.ui.chat.ChatViewModelResumeTest" time="0.021"/>
  <testcase name="startAnotherRound bails with error when API is not configured" classname="com.qinglan.chatnovel.ui.chat.ChatViewModelResumeTest" time="0.025"/>
  <testcase name="RoundtableConfig serialises pendingQueue through SessionStore" classname="com.qinglan.chatnovel.ui.chat.ChatViewModelResumeTest" time="0.022"/>
  <testcase name="resumeRoundtable bails when pendingQueue is empty" classname="com.qinglan.chatnovel.ui.chat.ChatViewModelResumeTest" time="0.021"/>
  <testcase name="resumeRoundtable surfaces an error when API is not ready" classname="com.qinglan.chatnovel.ui.chat.ChatViewModelResumeTest" time="0.029"/>
  <system-out><![CDATA[]]></system-out>
  <system-err><![CDATA[]]></system-err>
</testsuite>
