<?xml version="1.0" encoding="UTF-8"?>
<testsuite name="com.qinglan.chatnovel.ui.chat.ChatViewModelMessageActionsTest" tests="4" skipped="0" failures="0" errors="0" timestamp="2026-05-16T06:56:10" hostname="vm" time="0.143">
  <properties/>
  <testcase name="deleteMessage removes by id and persists to disk" classname="com.qinglan.chatnovel.ui.chat.ChatViewModelMessageActionsTest" time="0.042"/>
  <testcase name="regenerateMessage with no API key surfaces an error and does not truncate" classname="com.qinglan.chatnovel.ui.chat.ChatViewModelMessageActionsTest" time="0.043"/>
  <testcase name="deleteMessage on unknown id is a no-op" classname="com.qinglan.chatnovel.ui.chat.ChatViewModelMessageActionsTest" time="0.03"/>
  <testcase name="regenerateMessage refuses to regen user messages" classname="com.qinglan.chatnovel.ui.chat.ChatViewModelMessageActionsTest" time="0.027"/>
  <system-out><![CDATA[]]></system-out>
  <system-err><![CDATA[]]></system-err>
</testsuite>
