<?xml version="1.0" encoding="UTF-8"?>
<testsuite name="com.qinglan.chatnovel.model.MemoryRetrievalTest" tests="7" skipped="0" failures="0" errors="0" timestamp="2026-05-16T10:52:44" hostname="vm" time="0.014">
  <properties/>
  <testcase name="empty memory list returns empty" classname="com.qinglan.chatnovel.model.MemoryRetrievalTest" time="0.001"/>
  <testcase name="pinned entries always win over high-overlap entries" classname="com.qinglan.chatnovel.model.MemoryRetrievalTest" time="0.006"/>
  <testcase name="limit cap is respected" classname="com.qinglan.chatnovel.model.MemoryRetrievalTest" time="0.004"/>
  <testcase name="empty query falls back to recency order" classname="com.qinglan.chatnovel.model.MemoryRetrievalTest" time="0.0"/>
  <testcase name="MemoryEntry blank factory yields unique ids" classname="com.qinglan.chatnovel.model.MemoryRetrievalTest" time="0.0"/>
  <testcase name="CJK 2-gram scoring works" classname="com.qinglan.chatnovel.model.MemoryRetrievalTest" time="0.0"/>
  <testcase name="ASCII substring scoring picks matching entries first" classname="com.qinglan.chatnovel.model.MemoryRetrievalTest" time="0.001"/>
  <system-out><![CDATA[]]></system-out>
  <system-err><![CDATA[]]></system-err>
</testsuite>
