<?xml version="1.0" encoding="UTF-8"?>
<testsuite name="com.qinglan.chatnovel.ui.chat.ChatScreenUiTest" tests="5" skipped="0" failures="0" errors="0" timestamp="2026-05-16T07:31:10" hostname="vm" time="8.169">
  <properties/>
  <testcase name="tapping a suggestion chip pre-fills the composer" classname="com.qinglan.chatnovel.ui.chat.ChatScreenUiTest" time="7.233"/>
  <testcase name="send button is disabled when composer is empty" classname="com.qinglan.chatnovel.ui.chat.ChatScreenUiTest" time="0.218"/>
  <testcase name="tapping the settings icon invokes the navigation callback" classname="com.qinglan.chatnovel.ui.chat.ChatScreenUiTest" time="0.186"/>
  <testcase name="empty state renders headline + suggestion chips" classname="com.qinglan.chatnovel.ui.chat.ChatScreenUiTest" time="0.174"/>
  <testcase name="typing into composer enables send button" classname="com.qinglan.chatnovel.ui.chat.ChatScreenUiTest" time="0.358"/>
  <system-out><![CDATA[]]></system-out>
  <system-err><![CDATA[]]></system-err>
</testsuite>
