<?xml version="1.0" encoding="UTF-8"?>
<testsuite name="com.qinglan.chatnovel.ui.personas.PersonasScreenUiTest" tests="3" skipped="0" failures="0" errors="0" timestamp="2026-05-16T07:00:32" hostname="vm" time="0.433">
  <properties/>
  <testcase name="empty library shows the inviting placeholder" classname="com.qinglan.chatnovel.ui.personas.PersonasScreenUiTest" time="0.138"/>
  <testcase name="seeded library renders the first default personas" classname="com.qinglan.chatnovel.ui.personas.PersonasScreenUiTest" time="0.154"/>
  <testcase name="back button invokes the navigation callback" classname="com.qinglan.chatnovel.ui.personas.PersonasScreenUiTest" time="0.141"/>
  <system-out><![CDATA[]]></system-out>
  <system-err><![CDATA[]]></system-err>
</testsuite>
