<?xml version="1.0" encoding="UTF-8"?>
<testsuite name="com.qinglan.chatnovel.data.AppPrefsTest" tests="2" skipped="0" failures="0" errors="0" timestamp="2026-05-16T07:00:23" hostname="vm" time="0.013">
  <properties/>
  <testcase name="default prefs target OpenAI baseUrl" classname="com.qinglan.chatnovel.data.AppPrefsTest" time="0.003"/>
  <testcase name="isApiReady requires key + base" classname="com.qinglan.chatnovel.data.AppPrefsTest" time="0.009"/>
  <system-out><![CDATA[]]></system-out>
  <system-err><![CDATA[]]></system-err>
</testsuite>
