<?xml version="1.0" encoding="UTF-8"?>
<testsuite name="com.qinglan.chatnovel.ui.chat.ChatViewModelResumeTest" tests="6" skipped="0" failures="0" errors="0" timestamp="2026-05-16T11:52:14" hostname="vm" time="2.659">
  <properties/>
  <testcase name="startAnotherRound is a no-op when no personas are selected" classname="com.qinglan.chatnovel.ui.chat.ChatViewModelResumeTest" time="2.418"/>
  <testcase name="default RoundtableConfig has empty pendingQueue" classname="com.qinglan.chatnovel.ui.chat.ChatViewModelResumeTest" time="0.046"/>
  <testcase name="startAnotherRound bails with error when API is not configured" classname="com.qinglan.chatnovel.ui.chat.ChatViewModelResumeTest" time="0.077"/>
  <testcase name="RoundtableConfig serialises pendingQueue through SessionStore" classname="com.qinglan.chatnovel.ui.chat.ChatViewModelResumeTest" time="0.048"/>
  <testcase name="resumeRoundtable bails when pendingQueue is empty" classname="com.qinglan.chatnovel.ui.chat.ChatViewModelResumeTest" time="0.033"/>
  <testcase name="resumeRoundtable surfaces an error when API is not ready" classname="com.qinglan.chatnovel.ui.chat.ChatViewModelResumeTest" time="0.034"/>
  <system-out><![CDATA[]]></system-out>
  <system-err><![CDATA[]]></system-err>
</testsuite>
