<?xml version="1.0" encoding="UTF-8"?>
<testsuite name="com.qinglan.chatnovel.model.ChatMessageTest" tests="2" skipped="0" failures="0" errors="0" timestamp="2026-05-16T12:15:20" hostname="vm" time="0.001">
  <properties/>
  <testcase name="user factory marks role and gives unique id" classname="com.qinglan.chatnovel.model.ChatMessageTest" time="0.001"/>
  <testcase name="assistantPlaceholder marks streaming and starts empty" classname="com.qinglan.chatnovel.model.ChatMessageTest" time="0.0"/>
  <system-out><![CDATA[]]></system-out>
  <system-err><![CDATA[]]></system-err>
</testsuite>
