<?xml version="1.0" encoding="UTF-8"?>
<testsuite name="com.qinglan.chatnovel.ui.chat.ChatViewModelMessageActionsTest" tests="6" skipped="0" failures="0" errors="0" timestamp="2026-05-16T12:15:53" hostname="vm" time="0.189">
  <properties/>
  <testcase name="deleteMessage removes by id and persists to disk" classname="com.qinglan.chatnovel.ui.chat.ChatViewModelMessageActionsTest" time="0.031"/>
  <testcase name="regenerateMessage with no API key surfaces an error and does not truncate" classname="com.qinglan.chatnovel.ui.chat.ChatViewModelMessageActionsTest" time="0.045"/>
  <testcase name="sendMessageToManuscript copies the message content into the manuscript" classname="com.qinglan.chatnovel.ui.chat.ChatViewModelMessageActionsTest" time="0.027"/>
  <testcase name="deleteMessage on unknown id is a no-op" classname="com.qinglan.chatnovel.ui.chat.ChatViewModelMessageActionsTest" time="0.026"/>
  <testcase name="regenerateMessage refuses to regen user messages" classname="com.qinglan.chatnovel.ui.chat.ChatViewModelMessageActionsTest" time="0.035"/>
  <testcase name="sendMessageToManuscript ignores unknown ids" classname="com.qinglan.chatnovel.ui.chat.ChatViewModelMessageActionsTest" time="0.024"/>
  <system-out><![CDATA[]]></system-out>
  <system-err><![CDATA[]]></system-err>
</testsuite>
