<?xml version="1.0" encoding="UTF-8"?>
<testsuite name="com.qinglan.chatnovel.ui.chat.ChatViewModelRoundtableTest" tests="4" skipped="0" failures="0" errors="0" timestamp="2026-05-16T06:32:11" hostname="vm" time="0.14">
  <properties/>
  <testcase name="roundtable starts disabled with an empty member list" classname="com.qinglan.chatnovel.ui.chat.ChatViewModelRoundtableTest" time="0.031"/>
  <testcase name="toggleRoundtable flips the persisted flag" classname="com.qinglan.chatnovel.ui.chat.ChatViewModelRoundtableTest" time="0.03"/>
  <testcase name="member order matches the order taps were applied" classname="com.qinglan.chatnovel.ui.chat.ChatViewModelRoundtableTest" time="0.049"/>
  <testcase name="toggleRoundtableMember adds then removes by id" classname="com.qinglan.chatnovel.ui.chat.ChatViewModelRoundtableTest" time="0.029"/>
  <system-out><![CDATA[]]></system-out>
  <system-err><![CDATA[]]></system-err>
</testsuite>
